# JRE version: OpenJDK Runtime Environment (11.0.6+10) (build 11.0.6+10)
# Java VM: OpenJDK 64-Bit Server VM (11.0.6+10, mixed mode, tiered, compressed oops, g1 gc, windows-amd64)
Heap:
 garbage-first heap   total 319488K, used 110374K [0x00000000c0000000, 0x0000000100000000)
  region size 1024K, 4 young (4096K), 4 survivors (4096K)
 Metaspace       used 53983K, capacity 56323K, committed 56528K, reserved 1099776K
  class space    used 5442K, capacity 6258K, committed 6272K, reserved 1048576K
GC Heap History (20 events):
Event: 60.399 GC heap after
{Heap after GC invocations=22 (full 0):
 garbage-first heap   total 96256K, used 60717K [0x00000000c0000000, 0x0000000100000000)
  region size 1024K, 3 young (3072K), 3 survivors (3072K)
 Metaspace       used 52103K, capacity 54403K, committed 54608K, reserved 1097728K
  class space    used 5231K, capacity 6067K, committed 6144K, reserved 1048576K
}
Event: 60.422 GC heap before
{Heap before GC invocations=22 (full 0):
 garbage-first heap   total 96256K, used 61741K [0x00000000c0000000, 0x0000000100000000)
  region size 1024K, 4 young (4096K), 3 survivors (3072K)
 Metaspace       used 52104K, capacity 54403K, committed 54608K, reserved 1097728K
  class space    used 5231K, capacity 6067K, committed 6144K, reserved 1048576K
}
Event: 60.449 GC heap after
{Heap after GC invocations=23 (full 0):
 garbage-first heap   total 96256K, used 57742K [0x00000000c0000000, 0x0000000100000000)
  region size 1024K, 1 young (1024K), 1 survivors (1024K)
 Metaspace       used 52104K, capacity 54403K, committed 54608K, reserved 1097728K
  class space    used 5231K, capacity 6067K, committed 6144K, reserved 1048576K
}
Event: 60.928 GC heap before
{Heap before GC invocations=23 (full 0):
 garbage-first heap   total 96256K, used 78222K [0x00000000c0000000, 0x0000000100000000)
  region size 1024K, 21 young (21504K), 1 survivors (1024K)
 Metaspace       used 52160K, capacity 54418K, committed 54608K, reserved 1097728K
  class space    used 5239K, capacity 6075K, committed 6144K, reserved 1048576K
}
Event: 60.945 GC heap after
{Heap after GC invocations=24 (full 0):
 garbage-first heap   total 115712K, used 59454K [0x00000000c0000000, 0x0000000100000000)
  region size 1024K, 3 young (3072K), 3 survivors (3072K)
 Metaspace       used 52160K, capacity 54418K, committed 54608K, reserved 1097728K
  class space    used 5239K, capacity 6075K, committed 6144K, reserved 1048576K
}
Event: 61.945 GC heap before
{Heap before GC invocations=25 (full 0):
 garbage-first heap   total 115712K, used 90174K [0x00000000c0000000, 0x0000000100000000)
  region size 1024K, 33 young (33792K), 3 survivors (3072K)
 Metaspace       used 52235K, capacity 54516K, committed 54608K, reserved 1097728K
  class space    used 5245K, capacity 6109K, committed 6144K, reserved 1048576K
}
Event: 61.961 GC heap after
{Heap after GC invocations=26 (full 0):
 garbage-first heap   total 115712K, used 62372K [0x00000000c0000000, 0x0000000100000000)
  region size 1024K, 5 young (5120K), 5 survivors (5120K)
 Metaspace       used 52235K, capacity 54516K, committed 54608K, reserved 1097728K
  class space    used 5245K, capacity 6109K, committed 6144K, reserved 1048576K
}
Event: 62.711 GC heap before
{Heap before GC invocations=26 (full 0):
 garbage-first heap   total 115712K, used 92068K [0x00000000c0000000, 0x0000000100000000)
  region size 1024K, 34 young (34816K), 5 survivors (5120K)
 Metaspace       used 52328K, capacity 54644K, committed 54864K, reserved 1097728K
  class space    used 5261K, capacity 6109K, committed 6144K, reserved 1048576K
}
Event: 62.734 GC heap after
{Heap after GC invocations=27 (full 0):
 garbage-first heap   total 115712K, used 65852K [0x00000000c0000000, 0x0000000100000000)
  region size 1024K, 4 young (4096K), 4 survivors (4096K)
 Metaspace       used 52328K, capacity 54644K, committed 54864K, reserved 1097728K
  class space    used 5261K, capacity 6109K, committed 6144K, reserved 1048576K
}
Event: 63.628 GC heap before
{Heap before GC invocations=28 (full 0):
 garbage-first heap   total 115712K, used 85308K [0x00000000c0000000, 0x0000000100000000)
  region size 1024K, 24 young (24576K), 4 survivors (4096K)
 Metaspace       used 53306K, capacity 55758K, committed 56016K, reserved 1099776K
  class space    used 5389K, capacity 6219K, committed 6272K, reserved 1048576K
}
Event: 63.650 GC heap after
{Heap after GC invocations=29 (full 0):
 garbage-first heap   total 115712K, used 68258K [0x00000000c0000000, 0x0000000100000000)
  region size 1024K, 3 young (3072K), 3 survivors (3072K)
 Metaspace       used 53306K, capacity 55758K, committed 56016K, reserved 1099776K
  class space    used 5389K, capacity 6219K, committed 6272K, reserved 1048576K
}
Event: 64.323 GC heap before
{Heap before GC invocations=30 (full 0):
 garbage-first heap   total 115712K, used 76450K [0x00000000c0000000, 0x0000000100000000)
  region size 1024K, 8 young (8192K), 3 survivors (3072K)
 Metaspace       used 53499K, capacity 55898K, committed 56016K, reserved 1099776K
  class space    used 5404K, capacity 6223K, committed 6272K, reserved 1048576K
}
Event: 64.346 GC heap after
{Heap after GC invocations=31 (full 0):
 garbage-first heap   total 139264K, used 72622K [0x00000000c0000000, 0x0000000100000000)
  region size 1024K, 1 young (1024K), 1 survivors (1024K)
 Metaspace       used 53499K, capacity 55898K, committed 56016K, reserved 1099776K
  class space    used 5404K, capacity 6223K, committed 6272K, reserved 1048576K
}
Event: 65.067 GC heap before
{Heap before GC invocations=32 (full 0):
 garbage-first heap   total 139264K, used 100270K [0x00000000c0000000, 0x0000000100000000)
  region size 1024K, 13 young (13312K), 1 survivors (1024K)
 Metaspace       used 53788K, capacity 56198K, committed 56272K, reserved 1099776K
  class space    used 5430K, capacity 6259K, committed 6272K, reserved 1048576K
}
Event: 65.087 GC heap after
{Heap after GC invocations=33 (full 0):
 garbage-first heap   total 139264K, used 81658K [0x00000000c0000000, 0x0000000100000000)
  region size 1024K, 2 young (2048K), 2 survivors (2048K)
 Metaspace       used 53788K, capacity 56198K, committed 56272K, reserved 1099776K
  class space    used 5430K, capacity 6259K, committed 6272K, reserved 1048576K
}
Event: 65.998 GC heap before
{Heap before GC invocations=34 (full 0):
 garbage-first heap   total 150528K, used 149242K [0x00000000c0000000, 0x0000000100000000)
  region size 1024K, 31 young (31744K), 2 survivors (2048K)
 Metaspace       used 53966K, capacity 56323K, committed 56528K, reserved 1099776K
  class space    used 5441K, capacity 6258K, committed 6272K, reserved 1048576K
}
Event: 66.189 GC heap after
{Heap after GC invocations=35 (full 0):
 garbage-first heap   total 159744K, used 90907K [0x00000000c0000000, 0x0000000100000000)
  region size 1024K, 4 young (4096K), 4 survivors (4096K)
 Metaspace       used 53966K, capacity 56323K, committed 56528K, reserved 1099776K
  class space    used 5441K, capacity 6258K, committed 6272K, reserved 1048576K
}
Event: 66.686 GC heap before
{Heap before GC invocations=35 (full 0):
 garbage-first heap   total 159744K, used 116507K [0x00000000c0000000, 0x0000000100000000)
  region size 1024K, 30 young (30720K), 4 survivors (4096K)
 Metaspace       used 53981K, capacity 56323K, committed 56528K, reserved 1099776K
  class space    used 5442K, capacity 6258K, committed 6272K, reserved 1048576K
}
Event: 66.791 GC heap after
{Heap after GC invocations=36 (full 0):
 garbage-first heap   total 159744K, used 101595K [0x00000000c0000000, 0x0000000100000000)
  region size 1024K, 5 young (5120K), 5 survivors (5120K)
 Metaspace       used 53981K, capacity 56323K, committed 56528K, reserved 1099776K
  class space    used 5442K, capacity 6258K, committed 6272K, reserved 1048576K
}
Event: 67.374 GC heap before
{Heap before GC invocations=36 (full 0):
 garbage-first heap   total 159744K, used 127195K [0x00000000c0000000, 0x0000000100000000)
  region size 1024K, 28 young (28672K), 5 survivors (5120K)
 Metaspace       used 53983K, capacity 56323K, committed 56528K, reserved 1099776K
  class space    used 5442K, capacity 6258K, committed 6272K, reserved 1048576K
}

